Change Component Designator: OldDesignator=R13 NewDesignator=R14
Change Component Designator: OldDesignator=R14 NewDesignator=R15
Change Component Designator: OldDesignator=R15 NewDesignator=R18
Change Component Designator: OldDesignator=R16 NewDesignator=R19
Change Component Designator: OldDesignator=R17 NewDesignator=R13
Change Component Designator: OldDesignator=R18 NewDesignator=R20
Change Component Designator: OldDesignator=R19 NewDesignator=R16
Change Component Designator: OldDesignator=R20 NewDesignator=R21
Change Component Designator: OldDesignator=R21 NewDesignator=R17
Change Component Designator: OldDesignator=R22 NewDesignator=R23
Change Component Designator: OldDesignator=R23 NewDesignator=R24
Change Component Designator: OldDesignator=R24 NewDesignator=R25
Change Component Designator: OldDesignator=R25 NewDesignator=R26
Change Component Designator: OldDesignator=R26 NewDesignator=R22
Added Component: Designator=DA2(IC LM1117I-5.0)
Added Component: Designator=X2(Terminal KLS2-301-5.00-02P)
Added Pin To Net: NetName=GND Pin=DA2-1
Added Pin To Net: NetName=VCC Pin=DA2-2
Added Pin To Net: NetName=VCC Pin=DA2-4
Added Pin To Net: NetName=GND Pin=X2-2
Change Net Name : Old Net Name=NetR16_2 New Net Name=NetR19_2
Change Net Name : Old Net Name=NetR17_1 New Net Name=NetR13_1
Change Net Name : Old Net Name=NetR18_1 New Net Name=NetR20_1
Change Net Name : Old Net Name=NetR19_2 New Net Name=NetR16_2
Change Net Name : Old Net Name=NetR25_2 New Net Name=NetR26_2
Added Pin To Net: NetName=NetDA2_3 Pin=DA2-3
Added Pin To Net: NetName=NetDA2_3 Pin=X2-1
Added Net: Name=NetDA2_3
Added Member To Class: ClassName=uThermometer Member=Component DA2 LM1117I-5.0
Added Member To Class: ClassName=uThermometer Member=Component X2 KLS2-301-5.00-02P
