Replace Part C1 Capacitor C0805_100n in D:\AVRASM1234\!Electronics\!Projects\uThermometer\PCBProject\uThermometer.SchDoc with Capacitor C0805_100n from IVV_Passive.IntLib
Replace Part C2 Capacitor C0805_100n in D:\AVRASM1234\!Electronics\!Projects\uThermometer\PCBProject\uThermometer.SchDoc with Capacitor C0805_100n from IVV_Passive.IntLib
Replace Part DA1 IC LM324D in D:\AVRASM1234\!Electronics\!Projects\uThermometer\PCBProject\uThermometer.SchDoc with IC LM324D from IVV_IC.IntLib
Replace Part DA1 IC LM324D in D:\AVRASM1234\!Electronics\!Projects\uThermometer\PCBProject\uThermometer.SchDoc with IC LM324D from IVV_IC.IntLib
Replace Part DA1 IC LM324D in D:\AVRASM1234\!Electronics\!Projects\uThermometer\PCBProject\uThermometer.SchDoc with IC LM324D from IVV_IC.IntLib
Replace Part DA1 IC LM324D in D:\AVRASM1234\!Electronics\!Projects\uThermometer\PCBProject\uThermometer.SchDoc with IC LM324D from IVV_IC.IntLib
Replace Part R1 Resistor R0805_10k_5% in D:\AVRASM1234\!Electronics\!Projects\uThermometer\PCBProject\uThermometer.SchDoc with Resistor R0805_10k_5% from IVV_Passive.IntLib
Replace Part R2 Resistor R0805_10k_5% in D:\AVRASM1234\!Electronics\!Projects\uThermometer\PCBProject\uThermometer.SchDoc with Resistor R0805_10k_5% from IVV_Passive.IntLib
Replace Part R3 Resistor R0805_10k_5% in D:\AVRASM1234\!Electronics\!Projects\uThermometer\PCBProject\uThermometer.SchDoc with Resistor R0805_10k_5% from IVV_Passive.IntLib
Replace Part R4 Resistor R0805_15k_5% in D:\AVRASM1234\!Electronics\!Projects\uThermometer\PCBProject\uThermometer.SchDoc with Resistor R0805_15k_5% from IVV_Passive.IntLib
Replace Part R5 Resistor 3296W _10k_1% in D:\AVRASM1234\!Electronics\!Projects\uThermometer\PCBProject\uThermometer.SchDoc with Resistor 3296W _10k_1% from IVV_Passive.IntLib
Replace Part R6 Resistor R0805_10k_5% in D:\AVRASM1234\!Electronics\!Projects\uThermometer\PCBProject\uThermometer.SchDoc with Resistor R0805_10k_5% from IVV_Passive.IntLib
Replace Part R7 Resistor R0805_10k_5% in D:\AVRASM1234\!Electronics\!Projects\uThermometer\PCBProject\uThermometer.SchDoc with Resistor R0805_10k_5% from IVV_Passive.IntLib
Replace Part R8 Resistor R0805_10k_5% in D:\AVRASM1234\!Electronics\!Projects\uThermometer\PCBProject\uThermometer.SchDoc with Resistor R0805_10k_5% from IVV_Passive.IntLib
Replace Part R9 Resistor R0805_2k_5% in D:\AVRASM1234\!Electronics\!Projects\uThermometer\PCBProject\uThermometer.SchDoc with Resistor R0805_2k_5% from IVV_Passive.IntLib
Replace Part R10 Resistor R0805_20k_5% in D:\AVRASM1234\!Electronics\!Projects\uThermometer\PCBProject\uThermometer.SchDoc with Resistor R0805_20k_5% from IVV_Passive.IntLib
Replace Part R11 Resistor 3296W _10k_1% in D:\AVRASM1234\!Electronics\!Projects\uThermometer\PCBProject\uThermometer.SchDoc with Resistor 3296W _10k_1% from IVV_Passive.IntLib
Replace Part R12 Resistor R0805_100_5% in D:\AVRASM1234\!Electronics\!Projects\uThermometer\PCBProject\uThermometer.SchDoc with Resistor R0805_100_5% from IVV_Passive.IntLib
Replace Part VD1 Zener BZV55C3V6 in D:\AVRASM1234\!Electronics\!Projects\uThermometer\PCBProject\uThermometer.SchDoc with Zener BZV55C3V6 from IVV_Lib.IntLib
Replace Part X1 Terminal KLS2-301-5.00-04P in D:\AVRASM1234\!Electronics\!Projects\uThermometer\PCBProject\uThermometer.SchDoc with Terminal KLS2-301-5.00-04P from IVV_Connectors.IntLib
