Change Physical Footprint: Designator=C1 Old Footprint=Capacitor SMD0805 New Footprint=Capacitor SMD0805
Change Physical Footprint: Designator=C2 Old Footprint=Capacitor SMD0805 New Footprint=Capacitor SMD0805
Change Physical Footprint: Designator=C3 Old Footprint=Capacitor SMD0805 New Footprint=Capacitor SMD0805
Change Physical Footprint: Designator=C4 Old Footprint=Capacitor SMD0805 New Footprint=Capacitor SMD0805
Change Physical Footprint: Designator=C5 Old Footprint=Capacitor SMD0805 New Footprint=Capacitor SMD0805
Change Physical Footprint: Designator=C6 Old Footprint=Capacitor SMD0805 New Footprint=Capacitor SMD0805
Change Physical Footprint: Designator=C7 Old Footprint=Capacitor SMD0805 New Footprint=Capacitor SMD0805
Change Physical Footprint: Designator=C8 Old Footprint=Capacitor R5V New Footprint=Capacitor R5V
Change Physical Footprint: Designator=C9 Old Footprint=Capacitor R5V New Footprint=Capacitor R5V
Change Physical Footprint: Designator=DA1 Old Footprint=IC LM324D New Footprint=IC LM324D
Change Physical Footprint: Designator=DA2 Old Footprint=IC LM1117I-5.0 New Footprint=IC LM1117I-5.0
Change Physical Footprint: Designator=DD1 Old Footprint=IC ATTiny13A New Footprint=IC ATTiny13A
Change Physical Footprint: Designator=DD2 Old Footprint=IC 74HC164D New Footprint=IC 74HC164D
Change Physical Footprint: Designator=HG1 Old Footprint=Indicator LTS3401VE New Footprint=Indicator LTS3401VE
Change Physical Footprint: Designator=HG2 Old Footprint=Indicator LTS3401VE New Footprint=Indicator LTS3401VE
Change Physical Footprint: Designator=HG3 Old Footprint=Indicator LTS3401VE New Footprint=Indicator LTS3401VE
Change Physical Footprint: Designator=KT1 Old Footprint=TestPoint 1 New Footprint=TestPoint 1
Change Physical Footprint: Designator=KT2 Old Footprint=TestPoint 1 New Footprint=TestPoint 1
Change Physical Footprint: Designator=KT3 Old Footprint=TestPoint 1 New Footprint=TestPoint 1
Change Physical Footprint: Designator=KT4 Old Footprint=TestPoint 1 New Footprint=TestPoint 1
Change Physical Footprint: Designator=KT5 Old Footprint=TestPoint 1 New Footprint=TestPoint 1
Change Physical Footprint: Designator=KT6 Old Footprint=TestPoint 1 New Footprint=TestPoint 1
Change Physical Footprint: Designator=R1 Old Footprint=Resistor SMD0805 New Footprint=Resistor SMD0805
Change Physical Footprint: Designator=R2 Old Footprint=Resistor SMD0805 New Footprint=Resistor SMD0805
Change Physical Footprint: Designator=R3 Old Footprint=Resistor SMD0805 New Footprint=Resistor SMD0805
Change Physical Footprint: Designator=R4 Old Footprint=Resistor SMD0805 New Footprint=Resistor SMD0805
Change Physical Footprint: Designator=R5 Old Footprint=Resistor SMD0805 New Footprint=Resistor SMD0805
Change Physical Footprint: Designator=R6 Old Footprint=Resistor SMD0805 New Footprint=Resistor SMD0805
Change Physical Footprint: Designator=R7 Old Footprint=Resistor SMD0805 New Footprint=Resistor SMD0805
Change Physical Footprint: Designator=R8 Old Footprint=Resistor SMD0805 New Footprint=Resistor SMD0805
Change Physical Footprint: Designator=R9 Old Footprint=Resistor SMD0805 New Footprint=Resistor SMD0805
Change Physical Footprint: Designator=R10 Old Footprint=Resistor SMD0805 New Footprint=Resistor SMD0805
Change Physical Footprint: Designator=R11 Old Footprint=Resistor SMD0805 New Footprint=Resistor SMD0805
Change Physical Footprint: Designator=R12 Old Footprint=Resistor SMD0805 New Footprint=Resistor SMD0805
Change Physical Footprint: Designator=R13 Old Footprint=Resistor SMD0805 New Footprint=Resistor SMD0805
Change Physical Footprint: Designator=R14 Old Footprint=Resistor SMD0805 New Footprint=Resistor SMD0805
Change Physical Footprint: Designator=R15 Old Footprint=Resistor SMD0805 New Footprint=Resistor SMD0805
Change Physical Footprint: Designator=R16 Old Footprint=Resistor SMD0805 New Footprint=Resistor SMD0805
Change Physical Footprint: Designator=R17 Old Footprint=Resistor 3296W New Footprint=Resistor 3296W
Change Physical Footprint: Designator=R18 Old Footprint=Resistor SMD0805 New Footprint=Resistor SMD0805
Change Physical Footprint: Designator=R19 Old Footprint=Resistor SMD0805 New Footprint=Resistor SMD0805
Change Physical Footprint: Designator=R20 Old Footprint=Resistor SMD0805 New Footprint=Resistor SMD0805
Change Physical Footprint: Designator=R21 Old Footprint=Resistor 3296W New Footprint=Resistor 3296W
Change Physical Footprint: Designator=R22 Old Footprint=Resistor SMD0805 New Footprint=Resistor SMD0805
Change Physical Footprint: Designator=R23 Old Footprint=Resistor SMD0805 New Footprint=Resistor SMD0805
Change Physical Footprint: Designator=R24 Old Footprint=Resistor SMD0805 New Footprint=Resistor SMD0805
Change Physical Footprint: Designator=R25 Old Footprint=Resistor SMD0805 New Footprint=Resistor SMD0805
Change Physical Footprint: Designator=R26 Old Footprint=Resistor SMD0805 New Footprint=Resistor SMD0805
Change Physical Footprint: Designator=VD1 Old Footprint=Zener BZV55C New Footprint=Zener BZV55C
Change Physical Footprint: Designator=VT1 Old Footprint=Transistor SOT23 New Footprint=Transistor SOT23
Change Physical Footprint: Designator=VT2 Old Footprint=Transistor SOT23 New Footprint=Transistor SOT23
Change Physical Footprint: Designator=VT3 Old Footprint=Transistor SOT23 New Footprint=Transistor SOT23
Change Physical Footprint: Designator=X1 Old Footprint=Terminal KLS2-301-5.00-04P New Footprint=Terminal KLS2-301-5.00-04P
Change Physical Footprint: Designator=X2 Old Footprint=Terminal KLS2-301-5.00-02P New Footprint=Terminal KLS2-301-5.00-02P
