Replace Part C1 Capacitor C0805_100n in D:\AVRASM1234\!Electronics\!Projects\uThermometer\PCBProject\uThermometer.SchDoc with Capacitor C0805_100n from IVV_Passive.IntLib
Replace Part C2 Capacitor C0805_100n in D:\AVRASM1234\!Electronics\!Projects\uThermometer\PCBProject\uThermometer.SchDoc with Capacitor C0805_100n from IVV_Passive.IntLib
Replace Part C3 Capacitor C0805_100n in D:\AVRASM1234\!Electronics\!Projects\uThermometer\PCBProject\uThermometer.SchDoc with Capacitor C0805_100n from IVV_Passive.IntLib
Replace Part C4 Capacitor C0805_100n in D:\AVRASM1234\!Electronics\!Projects\uThermometer\PCBProject\uThermometer.SchDoc with Capacitor C0805_100n from IVV_Passive.IntLib
Replace Part C5 Capacitor C0805_10n in D:\AVRASM1234\!Electronics\!Projects\uThermometer\PCBProject\uThermometer.SchDoc with Capacitor C0805_10n from IVV_Passive.IntLib
Replace Part C6 Capacitor C0805_100n in D:\AVRASM1234\!Electronics\!Projects\uThermometer\PCBProject\uThermometer.SchDoc with Capacitor C0805_100n from IVV_Passive.IntLib
Replace Part C7 Capacitor C0805_100n in D:\AVRASM1234\!Electronics\!Projects\uThermometer\PCBProject\uThermometer.SchDoc with Capacitor C0805_100n from IVV_Passive.IntLib
Replace Part C8 Capacitor R5V in D:\AVRASM1234\!Electronics\!Projects\uThermometer\PCBProject\uThermometer.SchDoc with Capacitor R5V from IVV_Passive.IntLib
Replace Part C9 Capacitor R5V in D:\AVRASM1234\!Electronics\!Projects\uThermometer\PCBProject\uThermometer.SchDoc with Capacitor R5V from IVV_Passive.IntLib
Replace Part DA1 IC LM324D in D:\AVRASM1234\!Electronics\!Projects\uThermometer\PCBProject\uThermometer.SchDoc with IC LM324D from IVV_IC.IntLib
Replace Part DA1 IC LM324D in D:\AVRASM1234\!Electronics\!Projects\uThermometer\PCBProject\uThermometer.SchDoc with IC LM324D from IVV_IC.IntLib
Replace Part DA1 IC LM324D in D:\AVRASM1234\!Electronics\!Projects\uThermometer\PCBProject\uThermometer.SchDoc with IC LM324D from IVV_IC.IntLib
Replace Part DA1 IC LM324D in D:\AVRASM1234\!Electronics\!Projects\uThermometer\PCBProject\uThermometer.SchDoc with IC LM324D from IVV_IC.IntLib
Replace Part DA2 IC LM1117I-5.0 in D:\AVRASM1234\!Electronics\!Projects\uThermometer\PCBProject\uThermometer.SchDoc with IC LM1117I-5.0 from IVV_IC.IntLib
Replace Part DD1 IC ATTiny13A in D:\AVRASM1234\!Electronics\!Projects\uThermometer\PCBProject\uThermometer.SchDoc with IC ATTiny13A from IVV_IC.IntLib
Replace Part DD2 IC 74HC164D in D:\AVRASM1234\!Electronics\!Projects\uThermometer\PCBProject\uThermometer.SchDoc with IC 74HC164D from IVV_IC.IntLib
Replace Part HG1 Indicator LTS-3401VE in D:\AVRASM1234\!Electronics\!Projects\uThermometer\PCBProject\uThermometer.SchDoc with Indicator LTS-3401VE from IVV_Lib.IntLib
Replace Part HG2 Indicator LTS-3401VE in D:\AVRASM1234\!Electronics\!Projects\uThermometer\PCBProject\uThermometer.SchDoc with Indicator LTS-3401VE from IVV_Lib.IntLib
Replace Part HG3 Indicator LTS-3401VE in D:\AVRASM1234\!Electronics\!Projects\uThermometer\PCBProject\uThermometer.SchDoc with Indicator LTS-3401VE from IVV_Lib.IntLib
Replace Part KT1 TestPoint 1 in D:\AVRASM1234\!Electronics\!Projects\uThermometer\PCBProject\uThermometer.SchDoc with TestPoint 1 from IVV_Lib.IntLib
Replace Part KT2 TestPoint 1 in D:\AVRASM1234\!Electronics\!Projects\uThermometer\PCBProject\uThermometer.SchDoc with TestPoint 1 from IVV_Lib.IntLib
Replace Part KT3 TestPoint 1 in D:\AVRASM1234\!Electronics\!Projects\uThermometer\PCBProject\uThermometer.SchDoc with TestPoint 1 from IVV_Lib.IntLib
Replace Part KT4 TestPoint 1 in D:\AVRASM1234\!Electronics\!Projects\uThermometer\PCBProject\uThermometer.SchDoc with TestPoint 1 from IVV_Lib.IntLib
Replace Part KT5 TestPoint 1 in D:\AVRASM1234\!Electronics\!Projects\uThermometer\PCBProject\uThermometer.SchDoc with TestPoint 1 from IVV_Lib.IntLib
Replace Part KT6 TestPoint 1 in D:\AVRASM1234\!Electronics\!Projects\uThermometer\PCBProject\uThermometer.SchDoc with TestPoint 1 from IVV_Lib.IntLib
Replace Part R1 Resistor R0805_300_5% in D:\AVRASM1234\!Electronics\!Projects\uThermometer\PCBProject\uThermometer.SchDoc with Resistor R0805_300_5% from IVV_Passive.IntLib
Replace Part R2 Resistor R0805_300_5% in D:\AVRASM1234\!Electronics\!Projects\uThermometer\PCBProject\uThermometer.SchDoc with Resistor R0805_300_5% from IVV_Passive.IntLib
Replace Part R3 Resistor R0805_300_5% in D:\AVRASM1234\!Electronics\!Projects\uThermometer\PCBProject\uThermometer.SchDoc with Resistor R0805_300_5% from IVV_Passive.IntLib
Replace Part R4 Resistor R0805_300_5% in D:\AVRASM1234\!Electronics\!Projects\uThermometer\PCBProject\uThermometer.SchDoc with Resistor R0805_300_5% from IVV_Passive.IntLib
Replace Part R5 Resistor R0805_300_5% in D:\AVRASM1234\!Electronics\!Projects\uThermometer\PCBProject\uThermometer.SchDoc with Resistor R0805_300_5% from IVV_Passive.IntLib
Replace Part R6 Resistor R0805_300_5% in D:\AVRASM1234\!Electronics\!Projects\uThermometer\PCBProject\uThermometer.SchDoc with Resistor R0805_300_5% from IVV_Passive.IntLib
Replace Part R7 Resistor R0805_300_5% in D:\AVRASM1234\!Electronics\!Projects\uThermometer\PCBProject\uThermometer.SchDoc with Resistor R0805_300_5% from IVV_Passive.IntLib
Replace Part R8 Resistor R0805_300_5% in D:\AVRASM1234\!Electronics\!Projects\uThermometer\PCBProject\uThermometer.SchDoc with Resistor R0805_300_5% from IVV_Passive.IntLib
Replace Part R9 Resistor R0805_10k_5% in D:\AVRASM1234\!Electronics\!Projects\uThermometer\PCBProject\uThermometer.SchDoc with Resistor R0805_10k_5% from IVV_Passive.IntLib
Replace Part R10 Resistor R0805_1k_5% in D:\AVRASM1234\!Electronics\!Projects\uThermometer\PCBProject\uThermometer.SchDoc with Resistor R0805_1k_5% from IVV_Passive.IntLib
Replace Part R11 Resistor R0805_10k_5% in D:\AVRASM1234\!Electronics\!Projects\uThermometer\PCBProject\uThermometer.SchDoc with Resistor R0805_10k_5% from IVV_Passive.IntLib
Replace Part R12 Resistor R0805_10k_5% in D:\AVRASM1234\!Electronics\!Projects\uThermometer\PCBProject\uThermometer.SchDoc with Resistor R0805_10k_5% from IVV_Passive.IntLib
Replace Part R13 Resistor R0805_2k_5% in D:\AVRASM1234\!Electronics\!Projects\uThermometer\PCBProject\uThermometer.SchDoc with Resistor R0805_2k_5% from IVV_Passive.IntLib
Replace Part R14 Resistor R0805_10k_5% in D:\AVRASM1234\!Electronics\!Projects\uThermometer\PCBProject\uThermometer.SchDoc with Resistor R0805_10k_5% from IVV_Passive.IntLib
Replace Part R15 Resistor R0805_10k_5% in D:\AVRASM1234\!Electronics\!Projects\uThermometer\PCBProject\uThermometer.SchDoc with Resistor R0805_10k_5% from IVV_Passive.IntLib
Replace Part R16 Resistor R0805_20k_5% in D:\AVRASM1234\!Electronics\!Projects\uThermometer\PCBProject\uThermometer.SchDoc with Resistor R0805_20k_5% from IVV_Passive.IntLib
Replace Part R17 Resistor 3296W _10k_1% in D:\AVRASM1234\!Electronics\!Projects\uThermometer\PCBProject\uThermometer.SchDoc with Resistor 3296W _10k_1% from IVV_Passive.IntLib
Replace Part R18 Resistor R0805_10k_5% in D:\AVRASM1234\!Electronics\!Projects\uThermometer\PCBProject\uThermometer.SchDoc with Resistor R0805_10k_5% from IVV_Passive.IntLib
Replace Part R19 Resistor R0805_10k_5% in D:\AVRASM1234\!Electronics\!Projects\uThermometer\PCBProject\uThermometer.SchDoc with Resistor R0805_10k_5% from IVV_Passive.IntLib
Replace Part R20 Resistor R0805_15k_5% in D:\AVRASM1234\!Electronics\!Projects\uThermometer\PCBProject\uThermometer.SchDoc with Resistor R0805_15k_5% from IVV_Passive.IntLib
Replace Part R21 Resistor 3296W _10k_1% in D:\AVRASM1234\!Electronics\!Projects\uThermometer\PCBProject\uThermometer.SchDoc with Resistor 3296W _10k_1% from IVV_Passive.IntLib
Replace Part R22 Resistor R0805_100_5% in D:\AVRASM1234\!Electronics\!Projects\uThermometer\PCBProject\uThermometer.SchDoc with Resistor R0805_100_5% from IVV_Passive.IntLib
Replace Part R23 Resistor R0805_10k_5% in D:\AVRASM1234\!Electronics\!Projects\uThermometer\PCBProject\uThermometer.SchDoc with Resistor R0805_10k_5% from IVV_Passive.IntLib
Replace Part R24 Resistor R0805_10k_5% in D:\AVRASM1234\!Electronics\!Projects\uThermometer\PCBProject\uThermometer.SchDoc with Resistor R0805_10k_5% from IVV_Passive.IntLib
Replace Part R25 Resistor R0805_10k_5% in D:\AVRASM1234\!Electronics\!Projects\uThermometer\PCBProject\uThermometer.SchDoc with Resistor R0805_10k_5% from IVV_Passive.IntLib
Replace Part R26 Resistor R0805_10k_5% in D:\AVRASM1234\!Electronics\!Projects\uThermometer\PCBProject\uThermometer.SchDoc with Resistor R0805_10k_5% from IVV_Passive.IntLib
Replace Part VD1 Zener BZV55C3V6 in D:\AVRASM1234\!Electronics\!Projects\uThermometer\PCBProject\uThermometer.SchDoc with Zener BZV55C3V6 from IVV_Lib.IntLib
Replace Part VT1 Transistor BC857B in D:\AVRASM1234\!Electronics\!Projects\uThermometer\PCBProject\uThermometer.SchDoc with Transistor BC857B from IVV_Lib.IntLib
Replace Part VT2 Transistor BC857B in D:\AVRASM1234\!Electronics\!Projects\uThermometer\PCBProject\uThermometer.SchDoc with Transistor BC857B from IVV_Lib.IntLib
Replace Part VT3 Transistor BC857B in D:\AVRASM1234\!Electronics\!Projects\uThermometer\PCBProject\uThermometer.SchDoc with Transistor BC857B from IVV_Lib.IntLib
Replace Part X1 Terminal KLS2-301-5.00-04P in D:\AVRASM1234\!Electronics\!Projects\uThermometer\PCBProject\uThermometer.SchDoc with Terminal KLS2-301-5.00-04P from IVV_Connectors.IntLib
Replace Part X2 Terminal KLS2-301-5.00-02P in D:\AVRASM1234\!Electronics\!Projects\uThermometer\PCBProject\uThermometer.SchDoc with Terminal KLS2-301-5.00-02P from IVV_Connectors.IntLib
